\BOOKMARK [1][-]{section.1}{\376\377\000A\000u\000f\000g\000a\000b\000e\000n\000s\000t\000e\000l\000l\000u\000n\000g}{}% 1
\BOOKMARK [1][-]{section.2}{\376\377\000E\000i\000n\000l\000e\000i\000t\000u\000n\000g}{}% 2
\BOOKMARK [2][-]{subsection.2.1}{\376\377\000P\000r\000o\000b\000l\000e\000m\000s\000t\000e\000l\000l\000u\000n\000g}{section.2}% 3
\BOOKMARK [2][-]{subsection.2.2}{\376\377\000Z\000i\000e\000l\000s\000e\000t\000z\000u\000n\000g\000\040\000u\000n\000d\000\040\000w\000i\000s\000s\000e\000n\000s\000c\000h\000a\000f\000t\000l\000i\000c\000h\000e\000\040\000F\000r\000a\000g\000e\000s\000t\000e\000l\000l\000u\000n\000g}{section.2}% 4
\BOOKMARK [1][-]{section.3}{\376\377\000G\000r\000u\000n\000d\000l\000a\000g\000e\000n}{}% 5
\BOOKMARK [2][-]{subsection.3.1}{\376\377\000A\000l\000l\000g\000e\000m\000e\000i\000n\000e\000\040\000D\000e\000f\000i\000n\000i\000t\000i\000o\000n\000e\000n}{section.3}% 6
\BOOKMARK [2][-]{subsection.3.2}{\376\377\000H\000i\000s\000t\000o\000r\000i\000s\000c\000h\000e\000\040\000E\000n\000t\000w\000i\000c\000k\000l\000u\000n\000g\000\040\040\023\000\040\000v\000o\000n\000\040\0001\000F\000A\000\040\000z\000u\000\040\000M\000F\000A}{section.3}% 7
\BOOKMARK [2][-]{subsection.3.3}{\376\377\000R\000e\000l\000e\000v\000a\000n\000t\000e\000\040\000P\000r\000o\000t\000o\000k\000o\000l\000l\000e\000\040\000u\000n\000d\000\040\000T\000e\000c\000h\000n\000o\000l\000o\000g\000i\000e\000n}{section.3}% 8
\BOOKMARK [3][-]{subsubsection.3.3.1}{\376\377\000A\000u\000t\000h\000e\000n\000t\000i\000f\000i\000z\000i\000e\000r\000u\000n\000g\000\040\000\046\000\040\000A\000u\000t\000o\000r\000i\000s\000i\000e\000r\000u\000n\000g}{subsection.3.3}% 9
\BOOKMARK [3][-]{subsubsection.3.3.2}{\376\377\000E\000n\000d\000g\000e\000r\000\344\000t\000e}{subsection.3.3}% 10
\BOOKMARK [2][-]{subsection.3.4}{\376\377\000M\000F\000A\000\040\000u\000n\000d\000\040\000R\000e\000g\000u\000l\000a\000t\000o\000r\000i\000k}{section.3}% 11
\BOOKMARK [2][-]{subsection.3.5}{\376\377\000V\000e\000r\000w\000e\000n\000d\000u\000n\000g\000s\000k\000o\000n\000t\000e\000x\000t\000\040\000u\000n\000d\000\040\000A\000k\000z\000e\000p\000t\000a\000n\000z}{section.3}% 12
\BOOKMARK [1][-]{section.4}{\376\377\000F\000o\000r\000s\000c\000h\000u\000n\000g\000s\000s\000t\000a\000n\000d}{}% 13
\BOOKMARK [2][-]{subsection.4.1}{\376\377\000H\000e\000r\000a\000u\000s\000f\000o\000r\000d\000e\000r\000u\000n\000g\000e\000n}{section.4}% 14
\BOOKMARK [3][-]{subsubsection.4.1.1}{\376\377\000M\000F\000A\000\040\000a\000l\000s\000\040\000t\000e\000c\000h\000n\000i\000s\000c\000h\000e\000\040\000H\000e\000r\000a\000u\000s\000f\000o\000r\000d\000e\000r\000u\000n\000g}{subsection.4.1}% 15
\BOOKMARK [3][-]{subsubsection.4.1.2}{\376\377\000M\000F\000A\000\040\000a\000l\000s\000\040\000H\000e\000r\000a\000u\000s\000f\000o\000r\000d\000e\000r\000u\000n\000g\000\040\000a\000n\000\040\000N\000u\000t\000z\000e\000r\000:\000i\000n\000n\000e\000n}{subsection.4.1}% 16
\BOOKMARK [3][-]{subsubsection.4.1.3}{\376\377\000M\000F\000A\000\040\000a\000l\000s\000\040\000I\000T\000-\000G\000o\000v\000e\000r\000n\000a\000n\000c\000e\000-\000H\000e\000r\000a\000u\000s\000f\000o\000r\000d\000e\000r\000u\000n\000g}{subsection.4.1}% 17
\BOOKMARK [2][-]{subsection.4.2}{\376\377\000W\000i\000r\000k\000m\000e\000c\000h\000a\000n\000i\000s\000m\000e\000n\000\040\000d\000e\000r\000\040\000N\000u\000t\000z\000u\000n\000g\000\040\000v\000o\000n\000\040\000M\000F\000A}{section.4}% 18
\BOOKMARK [2][-]{subsection.4.3}{\376\377\000I\000T\000-\000G\000o\000v\000e\000r\000n\000a\000n\000c\000e\000\040\000a\000l\000s\000\040\000T\000r\000e\000i\000b\000e\000r\000\040\000d\000e\000r\000\040\000A\000k\000z\000e\000p\000t\000a\000n\000z\000\040\000u\000n\000d\000\040\000N\000u\000t\000z\000u\000n\000g\000\040\000v\000o\000n\000\040\000M\000u\000l\000t\000i\000f\000a\000k\000t\000o\000r\000-\000A\000u\000t\000h\000e\000n\000t\000i\000f\000i\000z\000i\000e\000r\000u\000n\000g}{section.4}% 19
\BOOKMARK [2][-]{subsection.4.4}{\376\377\000B\000e\000a\000n\000t\000w\000o\000r\000t\000u\000n\000g\000\040\000d\000e\000r\000\040\000F\000o\000r\000s\000c\000h\000u\000n\000g\000s\000f\000r\000a\000g\000e}{section.4}% 20
\BOOKMARK [1][-]{section.5}{\376\377\000F\000o\000r\000s\000c\000h\000u\000n\000g\000s\000m\000e\000t\000h\000o\000d\000i\000k}{}% 21
\BOOKMARK [2][-]{subsection.5.1}{\376\377\000F\000o\000r\000s\000c\000h\000u\000n\000g\000s\000d\000e\000s\000i\000g\000n\000\040\000u\000n\000d\000\040\000w\000i\000s\000s\000e\000n\000s\000c\000h\000a\000f\000t\000s\000t\000h\000e\000o\000r\000e\000t\000i\000s\000c\000h\000e\000\040\000E\000i\000n\000o\000r\000d\000n\000u\000n\000g}{section.5}% 22
\BOOKMARK [2][-]{subsection.5.2}{\376\377\000G\000r\000u\000n\000d\000g\000e\000s\000a\000m\000t\000h\000e\000i\000t\000\040\000u\000n\000d\000\040\000S\000t\000i\000c\000h\000p\000r\000o\000b\000e\000n\000z\000i\000e\000h\000u\000n\000g}{section.5}% 23
\BOOKMARK [2][-]{subsection.5.3}{\376\377\000D\000a\000t\000e\000n\000e\000r\000h\000e\000b\000u\000n\000g\000\040\000u\000n\000d\000\040\000I\000n\000s\000t\000r\000u\000m\000e\000n\000t\000e}{section.5}% 24
\BOOKMARK [3][-]{subsubsection.5.3.1}{\376\377\000F\000r\000a\000g\000e\000b\000o\000g\000e\000n\000k\000o\000n\000s\000t\000r\000u\000k\000t\000i\000o\000n}{subsection.5.3}% 25
\BOOKMARK [3][-]{subsubsection.5.3.2}{\376\377\000O\000p\000e\000r\000a\000t\000i\000o\000n\000a\000l\000i\000s\000i\000e\000r\000u\000n\000g\000\040\000d\000e\000r\000\040\000V\000a\000r\000i\000a\000b\000l\000e\000n}{subsection.5.3}% 26
\BOOKMARK [3][-]{subsubsection.5.3.3}{\376\377\000P\000r\000e\000-\000T\000e\000s\000t}{subsection.5.3}% 27
\BOOKMARK [2][-]{subsection.5.4}{\376\377\000D\000a\000t\000e\000n\000a\000u\000f\000b\000e\000r\000e\000i\000t\000u\000n\000g\000\040\000u\000n\000d\000\040\000A\000u\000s\000w\000e\000r\000t\000u\000n\000g\000s\000v\000e\000r\000f\000a\000h\000r\000e\000n}{section.5}% 28
\BOOKMARK [3][-]{subsubsection.5.4.1}{\376\377\000D\000a\000t\000a\000\040\000P\000r\000e\000p\000r\000o\000c\000e\000s\000s\000i\000n\000g\000\040\000\050\000D\000a\000t\000e\000n\000b\000e\000r\000e\000i\000n\000i\000g\000u\000n\000g\000\051}{subsection.5.4}% 29
\BOOKMARK [3][-]{subsubsection.5.4.2}{\376\377\000D\000e\000s\000k\000r\000i\000p\000t\000i\000v\000e\000\040\000u\000n\000d\000\040\000I\000n\000f\000e\000r\000e\000n\000z\000s\000t\000a\000t\000i\000s\000t\000i\000s\000c\000h\000e\000\040\000A\000n\000a\000l\000y\000s\000e}{subsection.5.4}% 30
\BOOKMARK [1][-]{section.6}{\376\377\000Z\000u\000s\000a\000m\000m\000e\000n\000f\000a\000s\000s\000u\000n\000g}{}% 31
\BOOKMARK [1][-]{section.7}{\376\377\000Z\000u\000s\000a\000m\000m\000e\000n\000f\000a\000s\000s\000u\000n\000g}{}% 32
\BOOKMARK [1][-]{section.8}{\376\377\000A\000n\000h\000a\000n\000g}{}% 33
