This is pdfTeX, Version 3.141592653-2.6-1.40.28 (MiKTeX 25.12) (preloaded format=pdflatex 2026.2.5)  28 MAR 2026 14:43
entering extended mode
 restricted \write18 enabled.
 file:line:error style messages enabled.
 %&-line parsing enabled.
**c:/Users/unger/Documents/BA2025/BAV12025/main.tex
(c:/Users/unger/Documents/BA2025/BAV12025/main.tex
LaTeX2e <2025-11-01>
L3 programming layer <2025-12-24>
(C:\Users\unger\AppData\Local\Programs\MiKTeX\tex/latex/base\article.cls
Document Class: article 2025/01/22 v1.4n Standard LaTeX document class
(C:\Users\unger\AppData\Local\Programs\MiKTeX\tex/latex/base\size12.clo
File: size12.clo 2025/01/22 v1.4n Standard LaTeX file (size option)
)
\c@part=\count275
\c@section=\count276
\c@subsection=\count277
\c@subsubsection=\count278
\c@paragraph=\count279
\c@subparagraph=\count280
\c@figure=\count281
\c@table=\count282
\abovecaptionskip=\skip49
\belowcaptionskip=\skip50
\bibindent=\dimen148
) (data/_Packages.tex (C:\Users\unger\AppData\Local\Programs\MiKTeX\tex/latex/base\inputenc.sty
Package: inputenc 2024/02/08 v1.3d Input encoding file
\inpenc@prehook=\toks17
\inpenc@posthook=\toks18
) (C:\Users\unger\AppData\Local\Programs\MiKTeX\tex/latex/hyperref\hyperref.sty
Package: hyperref 2025-07-12 v7.01o Hypertext links for LaTeX
 (C:\Users\unger\AppData\Local\Programs\MiKTeX\tex/generic/iftex\iftex.sty
Package: iftex 2024/12/12 v1.0g TeX engine tests
) (C:\Users\unger\AppData\Local\Programs\MiKTeX\tex/latex/graphics\keyval.sty
Package: keyval 2022/05/29 v1.15 key=value parser (DPC)
\KV@toks@=\toks19
) (C:\Users\unger\AppData\Local\Programs\MiKTeX\tex/latex/kvsetkeys\kvsetkeys.sty
Package: kvsetkeys 2022-10-05 v1.19 Key value parser (HO)
) (C:\Users\unger\AppData\Local\Programs\MiKTeX\tex/generic/kvdefinekeys\kvdefinekeys.sty
Package: kvdefinekeys 2019-12-19 v1.6 Define keys (HO)
) (C:\Users\unger\AppData\Local\Programs\MiKTeX\tex/generic/pdfescape\pdfescape.sty
Package: pdfescape 2019/12/09 v1.15 Implements pdfTeX's escape features (HO)
 (C:\Users\unger\AppData\Local\Programs\MiKTeX\tex/generic/ltxcmds\ltxcmds.sty
Package: ltxcmds 2023-12-04 v1.26 LaTeX kernel commands for general use (HO)
) (C:\Users\unger\AppData\Local\Programs\MiKTeX\tex/generic/pdftexcmds\pdftexcmds.sty
Package: pdftexcmds 2020-06-27 v0.33 Utility functions of pdfTeX for LuaTeX (HO)
 (C:\Users\unger\AppData\Local\Programs\MiKTeX\tex/generic/infwarerr\infwarerr.sty
Package: infwarerr 2019/12/03 v1.5 Providing info/warning/error messages (HO)
)
Package pdftexcmds Info: \pdf@primitive is available.
Package pdftexcmds Info: \pdf@ifprimitive is available.
Package pdftexcmds Info: \pdfdraftmode found.
)) (C:\Users\unger\AppData\Local\Programs\MiKTeX\tex/latex/hycolor\hycolor.sty
Package: hycolor 2020-01-27 v1.10 Color options for hyperref/bookmark (HO)
) (C:\Users\unger\AppData\Local\Programs\MiKTeX\tex/latex/hyperref\nameref.sty
Package: nameref 2025-06-21 v2.57 Cross-referencing by name of section
 (C:\Users\unger\AppData\Local\Programs\MiKTeX\tex/latex/refcount\refcount.sty
Package: refcount 2019/12/15 v3.6 Data extraction from label references (HO)
) (C:\Users\unger\AppData\Local\Programs\MiKTeX\tex/generic/gettitlestring\gettitlestring.sty
Package: gettitlestring 2019/12/15 v1.6 Cleanup title references (HO)
 (C:\Users\unger\AppData\Local\Programs\MiKTeX\tex/latex/kvoptions\kvoptions.sty
Package: kvoptions 2022-06-15 v3.15 Key value format for package options (HO)
))
\c@section@level=\count283
) (C:\Users\unger\AppData\Local\Programs\MiKTeX\tex/latex/etoolbox\etoolbox.sty
Package: etoolbox 2025/10/02 v2.5m e-TeX tools for LaTeX (JAW)
\etb@tempcnta=\count284
) (C:\Users\unger\AppData\Local\Programs\MiKTeX\tex/generic/stringenc\stringenc.sty
Package: stringenc 2019/11/29 v1.12 Convert strings between diff. encodings (HO)
)
\@linkdim=\dimen149
\Hy@linkcounter=\count285
\Hy@pagecounter=\count286
 (C:\Users\unger\AppData\Local\Programs\MiKTeX\tex/latex/hyperref\pd1enc.def
File: pd1enc.def 2025-07-12 v7.01o Hyperref: PDFDocEncoding definition (HO)
Now handling font encoding PD1 ...
... no UTF-8 mapping file for font encoding PD1
) (C:\Users\unger\AppData\Local\Programs\MiKTeX\tex/generic/intcalc\intcalc.sty
Package: intcalc 2019/12/15 v1.3 Expandable calculations with integers (HO)
)
\Hy@SavedSpaceFactor=\count287
 (C:\Users\unger\AppData\Local\Programs\MiKTeX\tex/latex/hyperref\puenc.def
File: puenc.def 2025-07-12 v7.01o Hyperref: PDF Unicode definition (HO)
Now handling font encoding PU ...
... no UTF-8 mapping file for font encoding PU
)
Package hyperref Info: Hyper figures OFF on input line 4195.
Package hyperref Info: Link nesting OFF on input line 4200.
Package hyperref Info: Hyper index ON on input line 4203.
Package hyperref Info: Plain pages OFF on input line 4210.
Package hyperref Info: Backreferencing OFF on input line 4215.
Package hyperref Info: Implicit mode ON; LaTeX internals redefined.
Package hyperref Info: Bookmarks ON on input line 4462.
\c@Hy@tempcnt=\count288
 (C:\Users\unger\AppData\Local\Programs\MiKTeX\tex/latex/url\url.sty
\Urlmuskip=\muskip17
Package: url 2013/09/16  ver 3.4  Verb mode for urls, etc.
)
LaTeX Info: Redefining \url on input line 4801.
\XeTeXLinkMargin=\dimen150
 (C:\Users\unger\AppData\Local\Programs\MiKTeX\tex/generic/bitset\bitset.sty
Package: bitset 2019/12/09 v1.3 Handle bit-vector datatype (HO)
 (C:\Users\unger\AppData\Local\Programs\MiKTeX\tex/generic/bigintcalc\bigintcalc.sty
Package: bigintcalc 2019/12/15 v1.5 Expandable calculations on big integers (HO)
))
\Fld@menulength=\count289
\Field@Width=\dimen151
\Fld@charsize=\dimen152
Package hyperref Info: Hyper figures OFF on input line 6078.
Package hyperref Info: Link nesting OFF on input line 6083.
Package hyperref Info: Hyper index ON on input line 6086.
Package hyperref Info: backreferencing OFF on input line 6093.
Package hyperref Info: Link coloring OFF on input line 6098.
Package hyperref Info: Link coloring with OCG OFF on input line 6103.
Package hyperref Info: PDF/A mode OFF on input line 6108.
\Hy@abspage=\count290
\c@Item=\count291
\c@Hfootnote=\count292
)
Package hyperref Info: Driver (autodetected): hpdftex.
 (C:\Users\unger\AppData\Local\Programs\MiKTeX\tex/latex/hyperref\hpdftex.def
File: hpdftex.def 2025-07-12 v7.01o Hyperref driver for pdfTeX
\Fld@listcount=\count293
\c@bookmark@seq@number=\count294
 (C:\Users\unger\AppData\Local\Programs\MiKTeX\tex/latex/rerunfilecheck\rerunfilecheck.sty
Package: rerunfilecheck 2025-06-21 v1.11 Rerun checks for auxiliary files (HO)
 (C:\Users\unger\AppData\Local\Programs\MiKTeX\tex/generic/uniquecounter\uniquecounter.sty
Package: uniquecounter 2019/12/15 v1.4 Provide unlimited unique counter (HO)
)
Package uniquecounter Info: New unique counter `rerunfilecheck' on input line 284.
)
\Hy@SectionHShift=\skip51
) (C:\Users\unger\AppData\Local\Programs\MiKTeX\tex/latex/graphics\graphicx.sty
Package: graphicx 2024/12/31 v1.2e Enhanced LaTeX Graphics (DPC,SPQR)
 (C:\Users\unger\AppData\Local\Programs\MiKTeX\tex/latex/graphics\graphics.sty
Package: graphics 2024/08/06 v1.4g Standard LaTeX Graphics (DPC,SPQR)
 (C:\Users\unger\AppData\Local\Programs\MiKTeX\tex/latex/graphics\trig.sty
Package: trig 2023/12/02 v1.11 sin cos tan (DPC)
) (C:\Users\unger\AppData\Local\Programs\MiKTeX\tex/latex/graphics-cfg\graphics.cfg
File: graphics.cfg 2016/06/04 v1.11 sample graphics configuration
)
Package graphics Info: Driver file: pdftex.def on input line 106.
 (C:\Users\unger\AppData\Local\Programs\MiKTeX\tex/latex/graphics-def\pdftex.def
File: pdftex.def 2025/09/29 v1.2d Graphics/color driver for pdftex
))
\Gin@req@height=\dimen153
\Gin@req@width=\dimen154
) (C:\Users\unger\AppData\Local\Programs\MiKTeX\tex/generic/babel\babel.sty
Package: babel 2025/12/11 v25.17 The multilingual framework for LuaLaTeX, pdfLaTeX and XeLaTeX
\babel@savecnt=\count295
LaTeX Encoding Info:    Redeclaring text command \ij (encoding OT1) on input line 2068.
LaTeX Encoding Info:    Redeclaring text command \IJ (encoding OT1) on input line 2070.
LaTeX Encoding Info:    Redeclaring text command \ij (encoding T1) on input line 2072.
LaTeX Encoding Info:    Redeclaring text command \IJ (encoding T1) on input line 2073.
LaTeX Encoding Info:    Ignoring declaration for text command \ij (encoding ?) on input line 2074.
LaTeX Encoding Info:    Ignoring declaration for text command \IJ (encoding ?) on input line 2076.
LaTeX Encoding Info:    Ignoring declaration for text command \SS (encoding ?) on input line 2101.
\U@D=\dimen155
\l@unhyphenated=\language79
 (C:\Users\unger\AppData\Local\Programs\MiKTeX\tex/generic/babel\txtbabel.def)
\bbl@readstream=\read2
\bbl@dirlevel=\count296
Package babel Info: Configuration files are deprecated, as
(babel)             they can break document portability.
(babel)             Reported on input line 4196.

*************************************
* Local config file bblopts.cfg used
*
(C:\Users\unger\AppData\Local\Programs\MiKTeX\tex/latex/arabi\bblopts.cfg
File: bblopts.cfg 2005/09/08 v0.1 add Arabic and Farsi to "declared" options of babel
) (C:\Users\unger\AppData\Local\Programs\MiKTeX\tex/generic/babel/locale/invalid\babel-ngerman.tex)
Package babel Info: Importing font and identification data for ngerman
(babel)             from babel-de.ini. Reported on input line 4320.
 (C:\Users\unger\AppData\Local\Programs\MiKTeX\tex/latex/babel-german\ngerman.ldf
Language: ngerman 
 (C:\Users\unger\AppData\Local\Programs\MiKTeX\tex/latex/babel-german\babel-german.def
Package babel Info: Making " an active character on input line 459.
))) (C:\Users\unger\AppData\Local\Programs\MiKTeX\tex/latex/caption\subcaption.sty
Package: subcaption 2023/07/28 v1.6b Sub-captions (AR)
 (C:\Users\unger\AppData\Local\Programs\MiKTeX\tex/latex/caption\caption.sty
Package: caption 2023/08/05 v3.6o Customizing captions (AR)
 (C:\Users\unger\AppData\Local\Programs\MiKTeX\tex/latex/caption\caption3.sty
Package: caption3 2023/07/31 v2.4d caption3 kernel (AR)
\caption@tempdima=\dimen156
\captionmargin=\dimen157
\caption@leftmargin=\dimen158
\caption@rightmargin=\dimen159
\caption@width=\dimen160
\caption@indent=\dimen161
\caption@parindent=\dimen162
\caption@hangindent=\dimen163
Package caption Info: Standard document class detected.
)
\c@caption@flags=\count297
\c@continuedfloat=\count298
Package caption Info: hyperref package is loaded.
)
Package caption Info: New subtype `subfigure' on input line 238.
\c@subfigure=\count299
Package caption Info: New subtype `subtable' on input line 238.
\c@subtable=\count300
) (C:\Users\unger\AppData\Local\Programs\MiKTeX\tex/latex/todonotes\todonotes.sty
Package: todonotes 2024/01/05 v1.1.7 Todonotes source and documentation.
Package: todonotes 2024/01/05
 (C:\Users\unger\AppData\Local\Programs\MiKTeX\tex/latex/base\ifthen.sty
Package: ifthen 2024/03/16 v1.1e Standard LaTeX ifthen package (DPC)
) (C:\Users\unger\AppData\Local\Programs\MiKTeX\tex/latex/xkeyval\xkeyval.sty
Package: xkeyval 2022/06/16 v2.9 package option processing (HA)
 (C:\Users\unger\AppData\Local\Programs\MiKTeX\tex/generic/xkeyval\xkeyval.tex (C:\Users\unger\AppData\Local\Programs\MiKTeX\tex/generic/xkeyval\xkvutils.tex
\XKV@toks=\toks20
\XKV@tempa@toks=\toks21
)
\XKV@depth=\count301
File: xkeyval.tex 2014/12/03 v2.7a key=value parser (HA)
)) (C:\Users\unger\AppData\Local\Programs\MiKTeX\tex/latex/xcolor\xcolor.sty
Package: xcolor 2024/09/29 v3.02 LaTeX color extensions (UK)
 (C:\Users\unger\AppData\Local\Programs\MiKTeX\tex/latex/graphics-cfg\color.cfg
File: color.cfg 2016/01/02 v1.6 sample color configuration
)
Package xcolor Info: Driver file: pdftex.def on input line 274.
 (C:\Users\unger\AppData\Local\Programs\MiKTeX\tex/latex/graphics\mathcolor.ltx)
Package xcolor Info: Model `cmy' substituted by `cmy0' on input line 1349.
Package xcolor Info: Model `hsb' substituted by `rgb' on input line 1353.
Package xcolor Info: Model `RGB' extended on input line 1365.
Package xcolor Info: Model `HTML' substituted by `rgb' on input line 1367.
Package xcolor Info: Model `Hsb' substituted by `hsb' on input line 1368.
Package xcolor Info: Model `tHsb' substituted by `hsb' on input line 1369.
Package xcolor Info: Model `HSB' substituted by `hsb' on input line 1370.
Package xcolor Info: Model `Gray' substituted by `gray' on input line 1371.
Package xcolor Info: Model `wave' substituted by `hsb' on input line 1372.
) (C:\Users\unger\AppData\Local\Programs\MiKTeX\tex/latex/pgf/frontendlayer\tikz.sty (C:\Users\unger\AppData\Local\Programs\MiKTeX\tex/latex/pgf/basiclayer\pgf.sty (C:\Users\unger\AppData\Local\Programs\MiKTeX\tex/latex/pgf/utilities\pgfrcs.sty (C:\Users\unger\AppData\Local\Programs\MiKTeX\tex/generic/pgf/utilities\pgfutil-common.tex
\pgfutil@everybye=\toks22
\pgfutil@tempdima=\dimen164
\pgfutil@tempdimb=\dimen165
) (C:\Users\unger\AppData\Local\Programs\MiKTeX\tex/generic/pgf/utilities\pgfutil-latex.def
\pgfutil@abb=\box53
) (C:\Users\unger\AppData\Local\Programs\MiKTeX\tex/generic/pgf/utilities\pgfrcs.code.tex (C:\Users\unger\AppData\Local\Programs\MiKTeX\tex/generic/pgf\pgf.revision.tex)
Package: pgfrcs 2025-08-29 v3.1.11a (3.1.11a)
))
Package: pgf 2025-08-29 v3.1.11a (3.1.11a)
 (C:\Users\unger\AppData\Local\Programs\MiKTeX\tex/latex/pgf/basiclayer\pgfcore.sty (C:\Users\unger\AppData\Local\Programs\MiKTeX\tex/latex/pgf/systemlayer\pgfsys.sty (C:\Users\unger\AppData\Local\Programs\MiKTeX\tex/generic/pgf/systemlayer\pgfsys.code.tex
Package: pgfsys 2025-08-29 v3.1.11a (3.1.11a)
 (C:\Users\unger\AppData\Local\Programs\MiKTeX\tex/generic/pgf/utilities\pgfkeys.code.tex
\pgfkeys@pathtoks=\toks23
\pgfkeys@temptoks=\toks24
 (C:\Users\unger\AppData\Local\Programs\MiKTeX\tex/generic/pgf/utilities\pgfkeyslibraryfiltered.code.tex
\pgfkeys@tmptoks=\toks25
))
\pgf@x=\dimen166
\pgf@y=\dimen167
\pgf@xa=\dimen168
\pgf@ya=\dimen169
\pgf@xb=\dimen170
\pgf@yb=\dimen171
\pgf@xc=\dimen172
\pgf@yc=\dimen173
\pgf@xd=\dimen174
\pgf@yd=\dimen175
\w@pgf@writea=\write3
\r@pgf@reada=\read3
\c@pgf@counta=\count302
\c@pgf@countb=\count303
\c@pgf@countc=\count304
\c@pgf@countd=\count305
\t@pgf@toka=\toks26
\t@pgf@tokb=\toks27
\t@pgf@tokc=\toks28
\pgf@sys@id@count=\count306
 (C:\Users\unger\AppData\Local\Programs\MiKTeX\tex/generic/pgf/systemlayer\pgf.cfg
File: pgf.cfg 2025-08-29 v3.1.11a (3.1.11a)
)
Driver file for pgf: pgfsys-pdftex.def
 (C:\Users\unger\AppData\Local\Programs\MiKTeX\tex/generic/pgf/systemlayer\pgfsys-pdftex.def
File: pgfsys-pdftex.def 2025-08-29 v3.1.11a (3.1.11a)
 (C:\Users\unger\AppData\Local\Programs\MiKTeX\tex/generic/pgf/systemlayer\pgfsys-common-pdf.def
File: pgfsys-common-pdf.def 2025-08-29 v3.1.11a (3.1.11a)
))) (C:\Users\unger\AppData\Local\Programs\MiKTeX\tex/generic/pgf/systemlayer\pgfsyssoftpath.code.tex
File: pgfsyssoftpath.code.tex 2025-08-29 v3.1.11a (3.1.11a)
\pgfsyssoftpath@smallbuffer@items=\count307
\pgfsyssoftpath@bigbuffer@items=\count308
) (C:\Users\unger\AppData\Local\Programs\MiKTeX\tex/generic/pgf/systemlayer\pgfsysprotocol.code.tex
File: pgfsysprotocol.code.tex 2025-08-29 v3.1.11a (3.1.11a)
)) (C:\Users\unger\AppData\Local\Programs\MiKTeX\tex/generic/pgf/basiclayer\pgfcore.code.tex
Package: pgfcore 2025-08-29 v3.1.11a (3.1.11a)
 (C:\Users\unger\AppData\Local\Programs\MiKTeX\tex/generic/pgf/math\pgfmath.code.tex (C:\Users\unger\AppData\Local\Programs\MiKTeX\tex/generic/pgf/math\pgfmathutil.code.tex) (C:\Users\unger\AppData\Local\Programs\MiKTeX\tex/generic/pgf/math\pgfmathparser.code.tex
\pgfmath@dimen=\dimen176
\pgfmath@count=\count309
\pgfmath@box=\box54
\pgfmath@toks=\toks29
\pgfmath@stack@operand=\toks30
\pgfmath@stack@operation=\toks31
) (C:\Users\unger\AppData\Local\Programs\MiKTeX\tex/generic/pgf/math\pgfmathfunctions.code.tex) (C:\Users\unger\AppData\Local\Programs\MiKTeX\tex/generic/pgf/math\pgfmathfunctions.basic.code.tex) (C:\Users\unger\AppData\Local\Programs\MiKTeX\tex/generic/pgf/math\pgfmathfunctions.trigonometric.code.tex) (C:\Users\unger\AppData\Local\Programs\MiKTeX\tex/generic/pgf/math\pgfmathfunctions.random.code.tex) (C:\Users\unger\AppData\Local\Programs\MiKTeX\tex/generic/pgf/math\pgfmathfunctions.comparison.code.tex) (C:\Users\unger\AppData\Local\Programs\MiKTeX\tex/generic/pgf/math\pgfmathfunctions.base.code.tex) (C:\Users\unger\AppData\Local\Programs\MiKTeX\tex/generic/pgf/math\pgfmathfunctions.round.code.tex) (C:\Users\unger\AppData\Local\Programs\MiKTeX\tex/generic/pgf/math\pgfmathfunctions.misc.code.tex) (C:\Users\unger\AppData\Local\Programs\MiKTeX\tex/generic/pgf/math\pgfmathfunctions.integerarithmetics.code.tex) (C:\Users\unger\AppData\Local\Programs\MiKTeX\tex/generic/pgf/math\pgfmathcalc.code.tex) (C:\Users\unger\AppData\Local\Programs\MiKTeX\tex/generic/pgf/math\pgfmathfloat.code.tex
\c@pgfmathroundto@lastzeros=\count310
)) (C:\Users\unger\AppData\Local\Programs\MiKTeX\tex/generic/pgf/math\pgfint.code.tex) (C:\Users\unger\AppData\Local\Programs\MiKTeX\tex/generic/pgf/basiclayer\pgfcorepoints.code.tex
File: pgfcorepoints.code.tex 2025-08-29 v3.1.11a (3.1.11a)
\pgf@picminx=\dimen177
\pgf@picmaxx=\dimen178
\pgf@picminy=\dimen179
\pgf@picmaxy=\dimen180
\pgf@pathminx=\dimen181
\pgf@pathmaxx=\dimen182
\pgf@pathminy=\dimen183
\pgf@pathmaxy=\dimen184
\pgf@xx=\dimen185
\pgf@xy=\dimen186
\pgf@yx=\dimen187
\pgf@yy=\dimen188
\pgf@zx=\dimen189
\pgf@zy=\dimen190
) (C:\Users\unger\AppData\Local\Programs\MiKTeX\tex/generic/pgf/basiclayer\pgfcorepathconstruct.code.tex
File: pgfcorepathconstruct.code.tex 2025-08-29 v3.1.11a (3.1.11a)
\pgf@path@lastx=\dimen191
\pgf@path@lasty=\dimen192
) (C:\Users\unger\AppData\Local\Programs\MiKTeX\tex/generic/pgf/basiclayer\pgfcorepathusage.code.tex
File: pgfcorepathusage.code.tex 2025-08-29 v3.1.11a (3.1.11a)
\pgf@shorten@end@additional=\dimen193
\pgf@shorten@start@additional=\dimen194
) (C:\Users\unger\AppData\Local\Programs\MiKTeX\tex/generic/pgf/basiclayer\pgfcorescopes.code.tex
File: pgfcorescopes.code.tex 2025-08-29 v3.1.11a (3.1.11a)
\pgfpic=\box55
\pgf@hbox=\box56
\pgf@layerbox@main=\box57
\pgf@picture@serial@count=\count311
) (C:\Users\unger\AppData\Local\Programs\MiKTeX\tex/generic/pgf/basiclayer\pgfcoregraphicstate.code.tex
File: pgfcoregraphicstate.code.tex 2025-08-29 v3.1.11a (3.1.11a)
\pgflinewidth=\dimen195
) (C:\Users\unger\AppData\Local\Programs\MiKTeX\tex/generic/pgf/basiclayer\pgfcoretransformations.code.tex
File: pgfcoretransformations.code.tex 2025-08-29 v3.1.11a (3.1.11a)
\pgf@pt@x=\dimen196
\pgf@pt@y=\dimen197
\pgf@pt@temp=\dimen198
) (C:\Users\unger\AppData\Local\Programs\MiKTeX\tex/generic/pgf/basiclayer\pgfcorequick.code.tex
File: pgfcorequick.code.tex 2025-08-29 v3.1.11a (3.1.11a)
) (C:\Users\unger\AppData\Local\Programs\MiKTeX\tex/generic/pgf/basiclayer\pgfcoreobjects.code.tex
File: pgfcoreobjects.code.tex 2025-08-29 v3.1.11a (3.1.11a)
) (C:\Users\unger\AppData\Local\Programs\MiKTeX\tex/generic/pgf/basiclayer\pgfcorepathprocessing.code.tex
File: pgfcorepathprocessing.code.tex 2025-08-29 v3.1.11a (3.1.11a)
) (C:\Users\unger\AppData\Local\Programs\MiKTeX\tex/generic/pgf/basiclayer\pgfcorearrows.code.tex
File: pgfcorearrows.code.tex 2025-08-29 v3.1.11a (3.1.11a)
\pgfarrowsep=\dimen199
) (C:\Users\unger\AppData\Local\Programs\MiKTeX\tex/generic/pgf/basiclayer\pgfcoreshade.code.tex
File: pgfcoreshade.code.tex 2025-08-29 v3.1.11a (3.1.11a)
\pgf@max=\dimen256
\pgf@sys@shading@range@num=\count312
\pgf@shadingcount=\count313
) (C:\Users\unger\AppData\Local\Programs\MiKTeX\tex/generic/pgf/basiclayer\pgfcoreimage.code.tex
File: pgfcoreimage.code.tex 2025-08-29 v3.1.11a (3.1.11a)
) (C:\Users\unger\AppData\Local\Programs\MiKTeX\tex/generic/pgf/basiclayer\pgfcoreexternal.code.tex
File: pgfcoreexternal.code.tex 2025-08-29 v3.1.11a (3.1.11a)
\pgfexternal@startupbox=\box58
) (C:\Users\unger\AppData\Local\Programs\MiKTeX\tex/generic/pgf/basiclayer\pgfcorelayers.code.tex
File: pgfcorelayers.code.tex 2025-08-29 v3.1.11a (3.1.11a)
) (C:\Users\unger\AppData\Local\Programs\MiKTeX\tex/generic/pgf/basiclayer\pgfcoretransparency.code.tex
File: pgfcoretransparency.code.tex 2025-08-29 v3.1.11a (3.1.11a)
) (C:\Users\unger\AppData\Local\Programs\MiKTeX\tex/generic/pgf/basiclayer\pgfcorepatterns.code.tex
File: pgfcorepatterns.code.tex 2025-08-29 v3.1.11a (3.1.11a)
) (C:\Users\unger\AppData\Local\Programs\MiKTeX\tex/generic/pgf/basiclayer\pgfcorerdf.code.tex
File: pgfcorerdf.code.tex 2025-08-29 v3.1.11a (3.1.11a)
))) (C:\Users\unger\AppData\Local\Programs\MiKTeX\tex/generic/pgf/modules\pgfmoduleshapes.code.tex
File: pgfmoduleshapes.code.tex 2025-08-29 v3.1.11a (3.1.11a)
\pgfnodeparttextbox=\box59
) (C:\Users\unger\AppData\Local\Programs\MiKTeX\tex/generic/pgf/modules\pgfmoduleplot.code.tex
File: pgfmoduleplot.code.tex 2025-08-29 v3.1.11a (3.1.11a)
) (C:\Users\unger\AppData\Local\Programs\MiKTeX\tex/latex/pgf/compatibility\pgfcomp-version-0-65.sty
Package: pgfcomp-version-0-65 2025-08-29 v3.1.11a (3.1.11a)
\pgf@nodesepstart=\dimen257
\pgf@nodesepend=\dimen258
) (C:\Users\unger\AppData\Local\Programs\MiKTeX\tex/latex/pgf/compatibility\pgfcomp-version-1-18.sty
Package: pgfcomp-version-1-18 2025-08-29 v3.1.11a (3.1.11a)
)) (C:\Users\unger\AppData\Local\Programs\MiKTeX\tex/latex/pgf/utilities\pgffor.sty (C:\Users\unger\AppData\Local\Programs\MiKTeX\tex/latex/pgf/utilities\pgfkeys.sty (C:\Users\unger\AppData\Local\Programs\MiKTeX\tex/generic/pgf/utilities\pgfkeys.code.tex)) (C:\Users\unger\AppData\Local\Programs\MiKTeX\tex/latex/pgf/math\pgfmath.sty (C:\Users\unger\AppData\Local\Programs\MiKTeX\tex/generic/pgf/math\pgfmath.code.tex)) (C:\Users\unger\AppData\Local\Programs\MiKTeX\tex/generic/pgf/utilities\pgffor.code.tex
Package: pgffor 2025-08-29 v3.1.11a (3.1.11a)
\pgffor@iter=\dimen259
\pgffor@skip=\dimen260
\pgffor@stack=\toks32
\pgffor@toks=\toks33
)) (C:\Users\unger\AppData\Local\Programs\MiKTeX\tex/generic/pgf/frontendlayer/tikz\tikz.code.tex
Package: tikz 2025-08-29 v3.1.11a (3.1.11a)
 (C:\Users\unger\AppData\Local\Programs\MiKTeX\tex/generic/pgf/libraries\pgflibraryplothandlers.code.tex
File: pgflibraryplothandlers.code.tex 2025-08-29 v3.1.11a (3.1.11a)
\pgf@plot@mark@count=\count314
\pgfplotmarksize=\dimen261
)
\tikz@lastx=\dimen262
\tikz@lasty=\dimen263
\tikz@lastxsaved=\dimen264
\tikz@lastysaved=\dimen265
\tikz@lastmovetox=\dimen266
\tikz@lastmovetoy=\dimen267
\tikzleveldistance=\dimen268
\tikzsiblingdistance=\dimen269
\tikz@figbox=\box60
\tikz@figbox@bg=\box61
\tikz@tempbox=\box62
\tikz@tempbox@bg=\box63
\tikztreelevel=\count315
\tikznumberofchildren=\count316
\tikznumberofcurrentchild=\count317
\tikz@fig@count=\count318
 (C:\Users\unger\AppData\Local\Programs\MiKTeX\tex/generic/pgf/modules\pgfmodulematrix.code.tex
File: pgfmodulematrix.code.tex 2025-08-29 v3.1.11a (3.1.11a)
\pgfmatrixcurrentrow=\count319
\pgfmatrixcurrentcolumn=\count320
\pgf@matrix@numberofcolumns=\count321
)
\tikz@expandcount=\count322
 (C:\Users\unger\AppData\Local\Programs\MiKTeX\tex/generic/pgf/frontendlayer/tikz/libraries\tikzlibrarytopaths.code.tex
File: tikzlibrarytopaths.code.tex 2025-08-29 v3.1.11a (3.1.11a)
))) (C:\Users\unger\AppData\Local\Programs\MiKTeX\tex/generic/pgf/frontendlayer/tikz/libraries\tikzlibrarypositioning.code.tex
File: tikzlibrarypositioning.code.tex 2025-08-29 v3.1.11a (3.1.11a)
) (C:\Users\unger\AppData\Local\Programs\MiKTeX\tex/latex/tools\calc.sty
Package: calc 2025/03/01 v4.3b Infix arithmetic (KKT,FJ)
\calc@Acount=\count323
\calc@Bcount=\count324
\calc@Adimen=\dimen270
\calc@Bdimen=\dimen271
\calc@Askip=\skip52
\calc@Bskip=\skip53
LaTeX Info: Redefining \setlength on input line 86.
LaTeX Info: Redefining \addtolength on input line 87.
\calc@Ccount=\count325
\calc@Cskip=\skip54
)
\c@@todonotes@numberoftodonotes=\count326
) (C:\Users\unger\AppData\Local\Programs\MiKTeX\tex/latex/listings\listings.sty
\lst@mode=\count327
\lst@gtempboxa=\box64
\lst@token=\toks34
\lst@length=\count328
\lst@currlwidth=\dimen272
\lst@column=\count329
\lst@pos=\count330
\lst@lostspace=\dimen273
\lst@width=\dimen274
\lst@newlines=\count331
\lst@lineno=\count332
\lst@maxwidth=\dimen275
 (C:\Users\unger\AppData\Local\Programs\MiKTeX\tex/latex/listings\lstpatch.sty
File: lstpatch.sty 2025/11/14 1.11b (Carsten Heinz)
) (C:\Users\unger\AppData\Local\Programs\MiKTeX\tex/latex/listings\lstmisc.sty
File: lstmisc.sty 2025/11/14 1.11b (Carsten Heinz)
\c@lstnumber=\count333
\lst@skipnumbers=\count334
\lst@framebox=\box65
) (C:\Users\unger\AppData\Local\Programs\MiKTeX\tex/latex/listings\listings.cfg
File: listings.cfg 2025/11/14 1.11b listings configuration
))
Package: listings 2025/11/14 1.11b (Carsten Heinz)

==> First Aid for listings.sty no longer applied!
    Expected:
        2024/09/23 1.10c (Carsten Heinz)
    but found:
        2025/11/14 1.11b (Carsten Heinz)
    so I'm assuming it got fixed.
(C:\Users\unger\AppData\Local\Programs\MiKTeX\tex/latex/amsmath\amsmath.sty
Package: amsmath 2025/07/09 v2.17z AMS math features
\@mathmargin=\skip55

For additional information on amsmath, use the `?' option.
(C:\Users\unger\AppData\Local\Programs\MiKTeX\tex/latex/amsmath\amstext.sty
Package: amstext 2024/11/17 v2.01 AMS text
 (C:\Users\unger\AppData\Local\Programs\MiKTeX\tex/latex/amsmath\amsgen.sty
File: amsgen.sty 1999/11/30 v2.0 generic functions
\@emptytoks=\toks35
\ex@=\dimen276
)) (C:\Users\unger\AppData\Local\Programs\MiKTeX\tex/latex/amsmath\amsbsy.sty
Package: amsbsy 1999/11/29 v1.2d Bold Symbols
\pmbraise@=\dimen277
) (C:\Users\unger\AppData\Local\Programs\MiKTeX\tex/latex/amsmath\amsopn.sty
Package: amsopn 2022/04/08 v2.04 operator names
)
\inf@bad=\count335
LaTeX Info: Redefining \frac on input line 233.
\uproot@=\count336
\leftroot@=\count337
LaTeX Info: Redefining \overline on input line 398.
LaTeX Info: Redefining \colon on input line 409.
\classnum@=\count338
\DOTSCASE@=\count339
LaTeX Info: Redefining \ldots on input line 495.
LaTeX Info: Redefining \dots on input line 498.
LaTeX Info: Redefining \cdots on input line 619.
\Mathstrutbox@=\box66
\strutbox@=\box67
LaTeX Info: Redefining \big on input line 721.
LaTeX Info: Redefining \Big on input line 722.
LaTeX Info: Redefining \bigg on input line 723.
LaTeX Info: Redefining \Bigg on input line 724.
\big@size=\dimen278
LaTeX Font Info:    Redeclaring font encoding OML on input line 742.
LaTeX Font Info:    Redeclaring font encoding OMS on input line 743.
\macc@depth=\count340
LaTeX Info: Redefining \bmod on input line 904.
LaTeX Info: Redefining \pmod on input line 909.
LaTeX Info: Redefining \smash on input line 939.
LaTeX Info: Redefining \relbar on input line 969.
LaTeX Info: Redefining \Relbar on input line 970.
\c@MaxMatrixCols=\count341
\dotsspace@=\muskip18
\c@parentequation=\count342
\dspbrk@lvl=\count343
\tag@help=\toks36
\row@=\count344
\column@=\count345
\maxfields@=\count346
\andhelp@=\toks37
\eqnshift@=\dimen279
\alignsep@=\dimen280
\tagshift@=\dimen281
\tagwidth@=\dimen282
\totwidth@=\dimen283
\lineht@=\dimen284
\@envbody=\toks38
\multlinegap=\skip56
\multlinetaggap=\skip57
\mathdisplay@stack=\toks39
LaTeX Info: Redefining \[ on input line 2950.
LaTeX Info: Redefining \] on input line 2951.
) (C:\Users\unger\AppData\Local\Programs\MiKTeX\tex/latex/cleveref\cleveref.sty
Package: cleveref 2018/03/27 v0.21.4 Intelligent cross-referencing
Package cleveref Info: `hyperref' support loaded on input line 2370.
LaTeX Info: Redefining \cref on input line 2370.
LaTeX Info: Redefining \Cref on input line 2370.
LaTeX Info: Redefining \crefrange on input line 2370.
LaTeX Info: Redefining \Crefrange on input line 2370.
LaTeX Info: Redefining \cpageref on input line 2370.
LaTeX Info: Redefining \Cpageref on input line 2370.
LaTeX Info: Redefining \cpagerefrange on input line 2370.
LaTeX Info: Redefining \Cpagerefrange on input line 2370.
LaTeX Info: Redefining \labelcref on input line 2370.
LaTeX Info: Redefining \labelcpageref on input line 2370.
Package cleveref Info: `listings' support loaded on input line 3131.
)
==> First Aid for cleveref.sty applied!
(C:\Users\unger\AppData\Local\Programs\MiKTeX\tex/latex/relsize\relsize.sty
Package: relsize 2013/03/29 ver 4.1
) (C:\Users\unger\AppData\Local\Programs\MiKTeX\tex/latex/gensymb\gensymb.sty
Package: gensymb 2022/10/17 v1.0.2 (KJH)
) (C:\Users\unger\AppData\Local\Programs\MiKTeX\tex/latex/base\textcomp.sty
Package: textcomp 2024/04/24 v2.1b Standard LaTeX package
) (C:\Users\unger\AppData\Local\Programs\MiKTeX\tex/latex/arimo\arimo.sty
Package: arimo 2022/09/28 (Bob Tennent) Supports Arimo fonts for all LaTeX engines.
 (C:\Users\unger\AppData\Local\Programs\MiKTeX\tex/generic/iftex\ifxetex.sty
Package: ifxetex 2019/10/25 v0.7 ifxetex legacy package. Use iftex instead.
) (C:\Users\unger\AppData\Local\Programs\MiKTeX\tex/generic/iftex\ifluatex.sty
Package: ifluatex 2019/10/25 v1.5 ifluatex legacy package. Use iftex instead.
) (C:\Users\unger\AppData\Local\Programs\MiKTeX\tex/latex/base\fontenc.sty
Package: fontenc 2025/07/18 v2.1d Standard LaTeX package
) (C:\Users\unger\AppData\Local\Programs\MiKTeX\tex/latex/fontaxes\fontaxes.sty
Package: fontaxes 2026-01-02 v2.0.2 Font selection axes (deprecated)
Applying: [2024-11-01] Use figureversions if present on input line 74.
 (C:\Users\unger\AppData\Local\Programs\MiKTeX\tex/latex/figureversions\figureversions.sty
Package: figureversions 2025-04-29 v1.0.1 Figure versions
)
Already applied: [0000-00-00] Fall back to v1 on input line 76.
)) (C:\Users\unger\AppData\Local\Programs\MiKTeX\tex/latex/base\fontenc.sty
Package: fontenc 2025/07/18 v2.1d Standard LaTeX package
LaTeX Font Info:    Trying to load font information for T1+Arimo-TLF on input line 116.
 (C:\Users\unger\AppData\Local\Programs\MiKTeX\tex/latex/arimo\t1arimo-tlf.fd
File: T1Arimo-TLF.fd 2017/01/04 (autoinst) Font definitions for T1/Arimo-TLF.
)
LaTeX Font Info:    Font shape `T1/Arimo-TLF/m/n' will be
(Font)              scaled to size 12.0pt on input line 116.
) (C:\Users\unger\AppData\Local\Programs\MiKTeX\tex/latex/setspace\setspace.sty
Package: setspace 2022/12/04 v6.7b set line spacing
) (C:\Users\unger\AppData\Local\Programs\MiKTeX\tex/latex/glossaries/base\glossaries.sty
Package: glossaries 2025/11/09 v4.9 (NLCT)
 (C:\Users\unger\AppData\Local\Programs\MiKTeX\tex/latex/mfirstuc\mfirstuc.sty
Package: mfirstuc 2025/04/03 v2.09 (NLCT)
\@glsmfirst=\toks40
\@glsmrest=\toks41
) (C:\Users\unger\AppData\Local\Programs\MiKTeX\tex/latex/xfor\xfor.sty
Package: xfor 2009/02/05 v1.05 (NLCT)
) (C:\Users\unger\AppData\Local\Programs\MiKTeX\tex/latex/tracklang\tracklang.sty
Package: tracklang 2025/03/11 v1.6.6 (NLCT) Track Languages
 (C:\Users\unger\AppData\Local\Programs\MiKTeX\tex/generic/tracklang\tracklang.tex)
Package tracklang Info: Tracking dialect `ngerman' (language `german') on input line 264.
Package tracklang Info: Tracking dialect `ngerman' (language `german') on input line 264.
) (C:\Users\unger\AppData\Local\Programs\MiKTeX\tex/latex/translator\translator.sty
Package: translator 2021-05-31 v1.12d Easy translation of strings in LaTeX
) (C:\Users\unger\AppData\Local\Programs\MiKTeX\tex/latex/glossaries-german\glossaries-german.ldf
File: glossaries-german.ldf 2014/11/23 v1.0
) (C:\Users\unger\AppData\Local\Programs\MiKTeX\tex/latex/datatool\datatool-base.sty
Package: datatool-base 2025/12/04 v3.4.3 (NLCT)
\l__datatool_tmpa_int=\count347
\l__datatool_tmpb_int=\count348
\l__datatool_tmpc_int=\count349
\l__datatool_tmpd_int=\count350
\l__datatool_count_int=\count351
\l__datatool_tmp_datatype_int=\count352
\l__datatool_tmpa_dim=\dimen285
\l__datatool_tmpb_dim=\dimen286
 (C:\Users\unger\AppData\Local\Programs\MiKTeX\tex/latex/datatool\datatool-l3fp.def
File: datatool-l3fp.def 2025/12/04 v3.4.3 (NLCT)
)
\@dtl@toks=\toks42
\@dtl@tmpcount=\count353
\dtl@tmplength=\skip58
\l__datatool_measure_box=\box68
\dtl@sortresult=\count354
 (C:\Users\unger\AppData\Local\Programs\MiKTeX\tex/latex/datatool\datatool-utf8.ldf
File: datatool-utf8.ldf 2025/12/04 v3.4.3 (NLCT)
)
\@dtl@datatype=\count355
\c_datatool_unknown_int=\count356
\l__datatool_year_int=\count357
\l__datatool_month_int=\count358
\l__datatool_day_int=\count359
\l__datatool_hour_int=\count360
\l__datatool_minute_int=\count361
\l__datatool_second_int=\count362
\l__datatool_tzhour_int=\count363
\l__datatool_tzminute_int=\count364
\l__datatool_julian_int=\count365
\l__datatool_local_julian_int=\count366
\l__datatool_prefix_int=\count367
\l__datatool_suffix_int=\count368
\@dtl@foreach@level=\count369


Package tracklang Warning: No `datatool' support for dialect `ngerman'  on input line 9924.

\dtl@codeA=\count370
\dtl@codeB=\count371
)
\gls@level=\count372
\@gls@tmpb=\toks43
\gls@tmplen=\skip59
\l__glossaries_tmpa_dim=\dimen287
\l__glossaries_tmpb_dim=\dimen288
\glskeylisttok=\toks44
\glslabeltok=\toks45
\glsshorttok=\toks46
\glslongtok=\toks47
 (C:\Users\unger\AppData\Local\Programs\MiKTeX\tex/latex/glossaries/styles\glossary-hypernav.sty
Package: glossary-hypernav 2025/11/09 v4.9 (NLCT)
) (C:\Users\unger\AppData\Local\Programs\MiKTeX\tex/latex/glossaries/styles\glossary-list.sty
Package: glossary-list 2025/11/09 v4.9 (NLCT)
\glslistdottedwidth=\skip60
) (C:\Users\unger\AppData\Local\Programs\MiKTeX\tex/latex/glossaries/styles\glossary-long.sty
Package: glossary-long 2025/11/09 v4.9 (NLCT)
 (C:\Users\unger\AppData\Local\Programs\MiKTeX\tex/latex/tools\longtable.sty
Package: longtable 2025-10-13 v4.24 Multi-page Table package (DPC)
\LTleft=\skip61
\LTright=\skip62
\LTpre=\skip63
\LTpost=\skip64
\LTchunksize=\count373
\LTcapwidth=\dimen289
\LT@head=\box69
\LT@firsthead=\box70
\LT@foot=\box71
\LT@lastfoot=\box72
\LT@gbox=\box73
\LT@cols=\count374
\LT@rows=\count375
\c@LT@tables=\count376
\c@LT@chunks=\count377
\LT@p@ftn=\toks48
)
\glsdescwidth=\skip65
\glspagelistwidth=\skip66
) (C:\Users\unger\AppData\Local\Programs\MiKTeX\tex/latex/glossaries/styles\glossary-super.sty
Package: glossary-super 2025/11/09 v4.9 (NLCT)
 (C:\Users\unger\AppData\Local\Programs\MiKTeX\tex/latex/supertabular\supertabular.sty
Package: supertabular 2025/06/26 v4.2d the supertabular environment
\c@tracingst=\count378
\ST@wd=\dimen290
\ST@rightskip=\skip67
\ST@leftskip=\skip68
\ST@parfillskip=\skip69
\ST@pageleft=\dimen291
\ST@headht=\dimen292
\ST@tailht=\dimen293
\ST@pagesofar=\dimen294
\ST@pboxht=\dimen295
\ST@rowht=\dimen296
\ST@prevht=\dimen297
\ST@toadd=\dimen298
\ST@dimen=\dimen299
\ST@pbox=\box74
)) (C:\Users\unger\AppData\Local\Programs\MiKTeX\tex/latex/glossaries/styles\glossary-tree.sty
Package: glossary-tree 2025/11/09 v4.9 (NLCT)
\l__glossaries_tree_max_known_level_int=\count379
\l__glossaries_tree_offset_dim=\dimen300
\l__glossaries_tree_namewidth_dim=\dimen301
\l__glossaries_tree_symbolwidth_dim=\dimen302
\l__glossaries_tree_prenamesym_width_dim=\dimen303
\l__glossaries_tree_presubnamesym_width_dim=\dimen304
\l__glossaries_tree_namewidth_padding_dim=\dimen305
\l__glossaries_tree_symbolwidth_padding_dim=\dimen306
\l__glossaries_tree_namesymbolwidth_dim=\dimen307
\l__glossaries_tree_namesymbolwidth_padding_dim=\dimen308
\l__glossaries_tree_level_int=\count380
\glstreeindent=\skip70
)) (C:\Users\unger\AppData\Local\Programs\MiKTeX\tex/latex/blindtext\blindtext.sty
Package: blindtext 2012/01/06 V2.0 blindtext-Package
 (C:\Users\unger\AppData\Local\Programs\MiKTeX\tex/latex/tools\xspace.sty
Package: xspace 2014/10/28 v1.13 Space after command names (DPC,MH)
)
\c@blindtext=\count381
\c@Blindtext=\count382
\c@blind@countparstart=\count383
\blind@countxx=\count384
\blindtext@numBlindtext=\count385
\blind@countyy=\count386
\c@blindlist=\count387
\c@blindlistlevel=\count388
\c@blindlist@level=\count389
\blind@listitem=\count390
\c@blind@listcount=\count391
\c@blind@levelcount=\count392
\blind@mathformula=\count393
\blind@Mathformula=\count394
\c@blind@randomcount=\count395
\c@blind@randommax=\count396
\c@blind@pangramcount=\count397
\c@blind@pangrammax=\count398
) (C:\Users\unger\AppData\Local\Programs\MiKTeX\tex/latex/tocloft\tocloft.sty
Package: tocloft 2017/08/31 v2.3i parameterised ToC, etc., typesetting
Package tocloft Info: The document has section divisions on input line 51.
\cftparskip=\skip71
\cftbeforetoctitleskip=\skip72
\cftaftertoctitleskip=\skip73
\cftbeforepartskip=\skip74
\cftpartnumwidth=\skip75
\cftpartindent=\skip76
\cftbeforesecskip=\skip77
\cftsecindent=\skip78
\cftsecnumwidth=\skip79
\cftbeforesubsecskip=\skip80
\cftsubsecindent=\skip81
\cftsubsecnumwidth=\skip82
\cftbeforesubsubsecskip=\skip83
\cftsubsubsecindent=\skip84
\cftsubsubsecnumwidth=\skip85
\cftbeforeparaskip=\skip86
\cftparaindent=\skip87
\cftparanumwidth=\skip88
\cftbeforesubparaskip=\skip89
\cftsubparaindent=\skip90
\cftsubparanumwidth=\skip91
\cftbeforeloftitleskip=\skip92
\cftafterloftitleskip=\skip93
\cftbeforefigskip=\skip94
\cftfigindent=\skip95
\cftfignumwidth=\skip96
\c@lofdepth=\count399
\c@lotdepth=\count400
\cftbeforelottitleskip=\skip97
\cftafterlottitleskip=\skip98
\cftbeforetabskip=\skip99
\cfttabindent=\skip100
\cfttabnumwidth=\skip101
)) (C:\Users\unger\AppData\Local\Programs\MiKTeX\tex/latex/lastpage\lastpage.sty
Package: lastpage 2025/08/14 v2.1h lastpage: 2.09 or 2e? (HMM)
 (C:\Users\unger\AppData\Local\Programs\MiKTeX\tex/latex/lastpage\lastpage2e.sty
Package: lastpage2e 2025/08/14 v2.1h Decide which 2e lastpage version to use (HMM)
 (C:\Users\unger\AppData\Local\Programs\MiKTeX\tex/latex/lastpage\lastpagemodern.sty
Package: lastpagemodern 2025-08-14 v2.1h Refers to last page's name (HMM; JPG)
\c@lastpagecount=\count401
) 
))
\glswrite=\write4
\glo@main@file=\write5
\openout5 = `main.glo'.

Package glossaries Info: Writing glossary file main.glo on input line 5.
\glo@acronym@file=\write6
\openout6 = `main.acn'.

Package glossaries Info: Writing glossary file main.acn on input line 5.
 (C:\Users\unger\AppData\Local\Programs\MiKTeX\tex/latex/fancyhdr\fancyhdr.sty
Package: fancyhdr 2025/02/07 v5.2 Extensive control of page headers and footers
\f@nch@headwidth=\skip102
\f@nch@offset@elh=\skip103
\f@nch@offset@erh=\skip104
\f@nch@offset@olh=\skip105
\f@nch@offset@orh=\skip106
\f@nch@offset@elf=\skip107
\f@nch@offset@erf=\skip108
\f@nch@offset@olf=\skip109
\f@nch@offset@orf=\skip110
\f@nch@height=\skip111
\f@nch@footalignment=\skip112
\f@nch@widthL=\skip113
\f@nch@widthC=\skip114
\f@nch@widthR=\skip115
\@temptokenb=\toks49
) (C:\Users\unger\AppData\Local\Programs\MiKTeX\tex/latex/l3backend\l3backend-pdftex.def
File: l3backend-pdftex.def 2025-10-09 L3 backend support: PDF output (pdfTeX)
\l__color_backend_stack_int=\count402
) (main.aux (Dokument/Deckblatt.aux)
Package babel Info: 'ngerman' activates 'german' shorthands.
(babel)             Reported on input line 16.
)
\openout1 = `main.aux'.

LaTeX Font Info:    Checking defaults for OML/cmm/m/it on input line 65.
LaTeX Font Info:    ... okay on input line 65.
LaTeX Font Info:    Checking defaults for OMS/cmsy/m/n on input line 65.
LaTeX Font Info:    ... okay on input line 65.
LaTeX Font Info:    Checking defaults for OT1/cmr/m/n on input line 65.
LaTeX Font Info:    ... okay on input line 65.
LaTeX Font Info:    Checking defaults for T1/cmr/m/n on input line 65.
LaTeX Font Info:    ... okay on input line 65.
LaTeX Font Info:    Checking defaults for TS1/cmr/m/n on input line 65.
LaTeX Font Info:    ... okay on input line 65.
LaTeX Font Info:    Checking defaults for OMX/cmex/m/n on input line 65.
LaTeX Font Info:    ... okay on input line 65.
LaTeX Font Info:    Checking defaults for U/cmr/m/n on input line 65.
LaTeX Font Info:    ... okay on input line 65.
LaTeX Font Info:    Checking defaults for PD1/pdf/m/n on input line 65.
LaTeX Font Info:    ... okay on input line 65.
LaTeX Font Info:    Checking defaults for PU/pdf/m/n on input line 65.
LaTeX Font Info:    ... okay on input line 65.
Package hyperref Info: Link coloring OFF on input line 65.
 (main.out) (main.out)
\@outlinefile=\write7
\openout7 = `main.out'.

 (C:\Users\unger\AppData\Local\Programs\MiKTeX\tex/context/base/mkii\supp-pdf.mkii
[Loading MPS to PDF converter (version 2006.09.02).]
\scratchcounter=\count403
\scratchdimen=\dimen309
\scratchbox=\box75
\nofMPsegments=\count404
\nofMParguments=\count405
\everyMPshowfont=\toks50
\MPscratchCnt=\count406
\MPscratchDim=\dimen310
\MPnumerator=\count407
\makeMPintoPDFobject=\count408
\everyMPtoPDFconversion=\toks51
) (C:\Users\unger\AppData\Local\Programs\MiKTeX\tex/latex/epstopdf-pkg\epstopdf-base.sty
Package: epstopdf-base 2020-01-24 v2.11 Base part for package epstopdf
Package epstopdf-base Info: Redefining graphics rule for `.eps' on input line 485.
 (C:\Users\unger\AppData\Local\Programs\MiKTeX\tex/latex/00miktex\epstopdf-sys.cfg
File: epstopdf-sys.cfg 2021/03/18 v2.0 Configuration of epstopdf for MiKTeX
))
Package caption Info: Begin \AtBeginDocument code.
Package caption Info: listings package is loaded.
Package caption Info: longtable package is loaded.
 (C:\Users\unger\AppData\Local\Programs\MiKTeX\tex/latex/caption\ltcaption.sty
Package: ltcaption 2021/01/08 v1.4c longtable captions (AR)
)
Package caption Info: supertabular package is loaded.
Package caption Info: End \AtBeginDocument code.
\c@lstlisting=\count409
\symgns@font=\mathgroup4
LaTeX Font Info:    Overwriting symbol font `gns@font' in version `bold'
(Font)                  TS1/Arimo-TLF/m/n --> TS1/Arimo-TLF/b/n on input line 65.
Package gensymb Info: Math companion symbols declared on input line 65.
LaTeX Info: Redefining \degree on input line 65.
LaTeX Info: Redefining \celsius on input line 65.
Package gensymb Info: Using text companion symbols for \degree, \celsius and \perthousand on input line 65.
LaTeX Info: Redefining \ohm on input line 65.
Package gensymb Info: Using \textohm for \ohm on input line 65.
Package gensymb Info: Using \textmu for \micro on input line 65.
\c@mv@tabular=\count410
\c@mv@boldtabular=\count411
\openout2 = `Dokument/Deckblatt.aux'.

 (Dokument/Deckblatt.tex (data/_Variables.tex)
<FH-Burgenland_Logos/image1.png, id=134, 6359.76pt x 1589.94pt>
File: FH-Burgenland_Logos/image1.png Graphic file (type png)
<use FH-Burgenland_Logos/image1.png>
Package pdftex.def Info: FH-Burgenland_Logos/image1.png  used on input line 8.
(pdftex.def)             Requested size: 597.47922pt x 149.34763pt.
LaTeX Font Info:    Font shape `T1/Arimo-TLF/m/n' will be
(Font)              scaled to size 24.88pt on input line 14.
LaTeX Font Info:    Font shape `T1/Arimo-TLF/b/n' will be
(Font)              scaled to size 24.88pt on input line 14.
 [1

\openout4 = `main.ist'.


{C:/Users/unger/AppData/Local/MiKTeX/fonts/map/pdftex/pdftex.map}{C:/Users/unger/AppData/Local/Programs/MiKTeX/fonts/enc/dvips/arimo/arm_l3opzb.enc} <./FH-Burgenland_Logos/image1.png>])
LaTeX Font Info:    Font shape `T1/Arimo-TLF/m/n' will be
(Font)              scaled to size 17.28pt on input line 74.
LaTeX Font Info:    Font shape `T1/Arimo-TLF/b/n' will be
(Font)              scaled to size 17.28pt on input line 74.
 (main.toc
Package cleveref Info: loaded `ngerman' language definitions on input line 1.
LaTeX Font Info:    Font shape `T1/Arimo-TLF/b/n' will be
(Font)              scaled to size 12.0pt on input line 2.
LaTeX Font Info:    Trying to load font information for TS1+Arimo-TLF on input line 2.
 (C:\Users\unger\AppData\Local\Programs\MiKTeX\tex/latex/arimo\ts1arimo-tlf.fd
File: TS1Arimo-TLF.fd 2017/01/04 (autoinst) Font definitions for TS1/Arimo-TLF.
)
LaTeX Font Info:    Font shape `TS1/Arimo-TLF/m/n' will be
(Font)              scaled to size 12.0pt on input line 2.
LaTeX Font Info:    Font shape `TS1/Arimo-TLF/m/n' will be
(Font)              scaled to size 8.0pt on input line 2.
LaTeX Font Info:    Font shape `TS1/Arimo-TLF/m/n' will be
(Font)              scaled to size 6.0pt on input line 2.
)
\tf@toc=\write8
\openout8 = `main.toc'.

 (data/_Variables.tex)
<FH-Burgenland_Logos/Hochschule_Bgld_Logo_RGB.png, id=176, 277.2759pt x 100.4553pt>
File: FH-Burgenland_Logos/Hochschule_Bgld_Logo_RGB.png Graphic file (type png)
<use FH-Burgenland_Logos/Hochschule_Bgld_Logo_RGB.png>
Package pdftex.def Info: FH-Burgenland_Logos/Hochschule_Bgld_Logo_RGB.png  used on input line 93.
(pdftex.def)             Requested size: 133.50977pt x 48.36958pt.

pdfTeX warning (ext4): destination with the same identifier (name{page.1}) has been already used, duplicate ignored
<to be read again> 
                   \relax 
l.93 \clearpage
                [1


 <./FH-Burgenland_Logos/Hochschule_Bgld_Logo_RGB.png>] (Kapitel/0_Aufgabenstellung.tex) (Kapitel/1_Einleitung.tex
LaTeX Font Info:    Font shape `T1/Arimo-TLF/m/n' will be
(Font)              scaled to size 14.4pt on input line 3.
LaTeX Font Info:    Font shape `T1/Arimo-TLF/b/n' will be
(Font)              scaled to size 14.4pt on input line 3.
File: FH-Burgenland_Logos/Hochschule_Bgld_Logo_RGB.png Graphic file (type png)
<use FH-Burgenland_Logos/Hochschule_Bgld_Logo_RGB.png>
Package pdftex.def Info: FH-Burgenland_Logos/Hochschule_Bgld_Logo_RGB.png  used on input line 12.
(pdftex.def)             Requested size: 133.50977pt x 48.36958pt.
 [2

]
LaTeX Font Info:    Font shape `T1/Arimo-TLF/m/it' will be
(Font)              scaled to size 12.0pt on input line 20.

Overfull \hbox (24.4257pt too wide) in paragraph at lines 20--21
[]\T1/Arimo-TLF/m/it/12 IT-Governance als Ein-fluss-fak-tor auf die Ver-wen-dung von Multifaktor-Authentifizierung
 []

File: FH-Burgenland_Logos/Hochschule_Bgld_Logo_RGB.png Graphic file (type png)
<use FH-Burgenland_Logos/Hochschule_Bgld_Logo_RGB.png>
Package pdftex.def Info: FH-Burgenland_Logos/Hochschule_Bgld_Logo_RGB.png  used on input line 35.
(pdftex.def)             Requested size: 133.50977pt x 48.36958pt.
[3{C:/Users/unger/AppData/Local/Programs/MiKTeX/fonts/enc/dvips/arimo/arm_c3z4r2.enc}]) (Kapitel/2_Grundlagen.tex
File: FH-Burgenland_Logos/Hochschule_Bgld_Logo_RGB.png Graphic file (type png)
<use FH-Burgenland_Logos/Hochschule_Bgld_Logo_RGB.png>
Package pdftex.def Info: FH-Burgenland_Logos/Hochschule_Bgld_Logo_RGB.png  used on input line 9.
(pdftex.def)             Requested size: 133.50977pt x 48.36958pt.
 [4]
File: FH-Burgenland_Logos/Hochschule_Bgld_Logo_RGB.png Graphic file (type png)
<use FH-Burgenland_Logos/Hochschule_Bgld_Logo_RGB.png>
Package pdftex.def Info: FH-Burgenland_Logos/Hochschule_Bgld_Logo_RGB.png  used on input line 42.
(pdftex.def)             Requested size: 133.50977pt x 48.36958pt.
 [5]
File: FH-Burgenland_Logos/Hochschule_Bgld_Logo_RGB.png Graphic file (type png)
<use FH-Burgenland_Logos/Hochschule_Bgld_Logo_RGB.png>
Package pdftex.def Info: FH-Burgenland_Logos/Hochschule_Bgld_Logo_RGB.png  used on input line 60.
(pdftex.def)             Requested size: 133.50977pt x 48.36958pt.
 [6]
File: FH-Burgenland_Logos/Hochschule_Bgld_Logo_RGB.png Graphic file (type png)
<use FH-Burgenland_Logos/Hochschule_Bgld_Logo_RGB.png>
Package pdftex.def Info: FH-Burgenland_Logos/Hochschule_Bgld_Logo_RGB.png  used on input line 70.
(pdftex.def)             Requested size: 133.50977pt x 48.36958pt.
 [7]
File: FH-Burgenland_Logos/Hochschule_Bgld_Logo_RGB.png Graphic file (type png)
<use FH-Burgenland_Logos/Hochschule_Bgld_Logo_RGB.png>
Package pdftex.def Info: FH-Burgenland_Logos/Hochschule_Bgld_Logo_RGB.png  used on input line 75.
(pdftex.def)             Requested size: 133.50977pt x 48.36958pt.
 [8]) (Kapitel/3_Forschungsstand.tex
File: FH-Burgenland_Logos/Hochschule_Bgld_Logo_RGB.png Graphic file (type png)
<use FH-Burgenland_Logos/Hochschule_Bgld_Logo_RGB.png>
Package pdftex.def Info: FH-Burgenland_Logos/Hochschule_Bgld_Logo_RGB.png  used on input line 1.
(pdftex.def)             Requested size: 133.50977pt x 48.36958pt.
 [9]
Overfull \hbox (53.44316pt too wide) in paragraph at lines 6--16
\T1/Arimo-TLF/m/n/12 Die tech-ni-sche Im-ple-men-tie-rung von Multifaktor-Authentifizierung (MFA) kon-fron-tiert IT-Verantwortliche
 []


Underfull \hbox (badness 10000) in paragraph at lines 6--16

 []


Underfull \hbox (badness 10000) in paragraph at lines 17--25

 []


Underfull \hbox (badness 10000) in paragraph at lines 26--37

 []

File: FH-Burgenland_Logos/Hochschule_Bgld_Logo_RGB.png Graphic file (type png)
<use FH-Burgenland_Logos/Hochschule_Bgld_Logo_RGB.png>
Package pdftex.def Info: FH-Burgenland_Logos/Hochschule_Bgld_Logo_RGB.png  used on input line 37.
(pdftex.def)             Requested size: 133.50977pt x 48.36958pt.
[10]
Underfull \hbox (badness 10000) in paragraph at lines 38--45

 []


Overfull \hbox (18.81233pt too wide) in paragraph at lines 46--58
\T1/Arimo-TLF/m/n/12 zer:innenfreundlicher Wie-der-her-stel-lungs-ver-fah-ren -- bei-spiels-wei-se bei Ver-lust ei-nes Hardware-
 []


Overfull \hbox (3.92862pt too wide) in paragraph at lines 46--58
\T1/Arimo-TLF/m/n/12 da-bei ma-ni-pu-lie-ren, ein FIDO-Verfahren ab-zu-bre-chen und statt-des-sen ein schwä-che-res OTP-
 []


Underfull \hbox (badness 10000) in paragraph at lines 46--58

 []


Underfull \hbox (badness 10000) in paragraph at lines 70--83

 []

File: FH-Burgenland_Logos/Hochschule_Bgld_Logo_RGB.png Graphic file (type png)
<use FH-Burgenland_Logos/Hochschule_Bgld_Logo_RGB.png>
Package pdftex.def Info: FH-Burgenland_Logos/Hochschule_Bgld_Logo_RGB.png  used on input line 83.
(pdftex.def)             Requested size: 133.50977pt x 48.36958pt.
[11]
Underfull \hbox (badness 10000) in paragraph at lines 84--95

 []


Underfull \hbox (badness 10000) in paragraph at lines 96--102

 []


Underfull \hbox (badness 10000) in paragraph at lines 103--113

 []

File: FH-Burgenland_Logos/Hochschule_Bgld_Logo_RGB.png Graphic file (type png)
<use FH-Burgenland_Logos/Hochschule_Bgld_Logo_RGB.png>
Package pdftex.def Info: FH-Burgenland_Logos/Hochschule_Bgld_Logo_RGB.png  used on input line 131.
(pdftex.def)             Requested size: 133.50977pt x 48.36958pt.
[12]
File: FH-Burgenland_Logos/Hochschule_Bgld_Logo_RGB.png Graphic file (type png)
<use FH-Burgenland_Logos/Hochschule_Bgld_Logo_RGB.png>
Package pdftex.def Info: FH-Burgenland_Logos/Hochschule_Bgld_Logo_RGB.png  used on input line 183.
(pdftex.def)             Requested size: 133.50977pt x 48.36958pt.
 [13]
Overfull \hbox (18.10985pt too wide) in paragraph at lines 198--209
[]\T1/Arimo-TLF/b/n/12 2. Dif-fe-ren-zier-te Ri-si-ko-wahr-neh-mung (Awa-ren-ess): \T1/Arimo-TLF/m/n/12 Wäh-rend pri-va-te Nut-zer:innen Cyber-
 []

) (Kapitel/4_Forschungsmethodik.tex
File: FH-Burgenland_Logos/Hochschule_Bgld_Logo_RGB.png Graphic file (type png)
<use FH-Burgenland_Logos/Hochschule_Bgld_Logo_RGB.png>
Package pdftex.def Info: FH-Burgenland_Logos/Hochschule_Bgld_Logo_RGB.png  used on input line 9.
(pdftex.def)             Requested size: 133.50977pt x 48.36958pt.
 [14]
File: FH-Burgenland_Logos/Hochschule_Bgld_Logo_RGB.png Graphic file (type png)
<use FH-Burgenland_Logos/Hochschule_Bgld_Logo_RGB.png>
Package pdftex.def Info: FH-Burgenland_Logos/Hochschule_Bgld_Logo_RGB.png  used on input line 24.
(pdftex.def)             Requested size: 133.50977pt x 48.36958pt.
 [15]
File: FH-Burgenland_Logos/Hochschule_Bgld_Logo_RGB.png Graphic file (type png)
<use FH-Burgenland_Logos/Hochschule_Bgld_Logo_RGB.png>
Package pdftex.def Info: FH-Burgenland_Logos/Hochschule_Bgld_Logo_RGB.png  used on input line 32.
(pdftex.def)             Requested size: 133.50977pt x 48.36958pt.
 [16]
Overfull \hbox (7.05829pt too wide) in paragraph at lines 43--44
\T1/Arimo-TLF/m/n/12 Nutzung so-wie Mes-sung des kom-pe-tenz-ba-sier-ten und psy-cho-lo-gi-schen Über-trags (Spill-
 []

File: FH-Burgenland_Logos/Hochschule_Bgld_Logo_RGB.png Graphic file (type png)
<use FH-Burgenland_Logos/Hochschule_Bgld_Logo_RGB.png>
Package pdftex.def Info: FH-Burgenland_Logos/Hochschule_Bgld_Logo_RGB.png  used on input line 57.
(pdftex.def)             Requested size: 133.50977pt x 48.36958pt.
[17]) (Kapitel/5_Analyse.tex) (Kapitel/6_Fazit.tex
Overfull \hbox (28.83577pt too wide) in paragraph at lines 2--1
\T1/Arimo-TLF/m/n/12 Die vor-lie-gen-de Ar-beit hat ge-zeigt, dass die tech-ni-sche Si-cher-heit von Multifaktor-Authentifizierung
 []

File: FH-Burgenland_Logos/Hochschule_Bgld_Logo_RGB.png Graphic file (type png)
<use FH-Burgenland_Logos/Hochschule_Bgld_Logo_RGB.png>
Package pdftex.def Info: FH-Burgenland_Logos/Hochschule_Bgld_Logo_RGB.png  used on input line 1.
(pdftex.def)             Requested size: 133.50977pt x 48.36958pt.
[18])
Overfull \hbox (28.83577pt too wide) in paragraph at lines 2--110
\T1/Arimo-TLF/m/n/12 Die vor-lie-gen-de Ar-beit hat ge-zeigt, dass die tech-ni-sche Si-cher-heit von Multifaktor-Authentifizierung
 []

File: FH-Burgenland_Logos/Hochschule_Bgld_Logo_RGB.png Graphic file (type png)
<use FH-Burgenland_Logos/Hochschule_Bgld_Logo_RGB.png>
Package pdftex.def Info: FH-Burgenland_Logos/Hochschule_Bgld_Logo_RGB.png  used on input line 110.
(pdftex.def)             Requested size: 133.50977pt x 48.36958pt.
[19]
File: FH-Burgenland_Logos/Hochschule_Bgld_Logo_RGB.png Graphic file (type png)
<use FH-Burgenland_Logos/Hochschule_Bgld_Logo_RGB.png>
Package pdftex.def Info: FH-Burgenland_Logos/Hochschule_Bgld_Logo_RGB.png  used on input line 114.
(pdftex.def)             Requested size: 133.50977pt x 48.36958pt.
 [20]
No file main.acr.
File: FH-Burgenland_Logos/Hochschule_Bgld_Logo_RGB.png Graphic file (type png)
<use FH-Burgenland_Logos/Hochschule_Bgld_Logo_RGB.png>
Package pdftex.def Info: FH-Burgenland_Logos/Hochschule_Bgld_Logo_RGB.png  used on input line 128.
(pdftex.def)             Requested size: 133.50977pt x 48.36958pt.
[21] 
enddocument/afterlastpage (AED): lastpage setting LastPage.
(main.aux (Dokument/Deckblatt.aux)
Package cleveref Info: loaded `ngerman' language definitions on input line 16.
)
 ***********
LaTeX2e <2025-11-01>
L3 programming layer <2025-12-24>
 ***********
Package rerunfilecheck Info: File `main.out' has not changed.
(rerunfilecheck)             Checksum: 9FE5F5619ADB63A6C17A89DAF0D9C0A2;6816.
 ) 
Here is how much of TeX's memory you used:
 34536 strings out of 467871
 692149 string characters out of 5418377
 1146577 words of memory out of 5000000
 62801 multiletter control sequences out of 15000+600000
 639330 words of font info for 73 fonts, out of 8000000 for 9000
 1141 hyphenation exceptions out of 8191
 104i,15n,111p,2560b,627s stack positions out of 10000i,1000n,20000p,200000b,200000s
 <C:\Users\unger\AppData\Local\MiKTeX\fonts/pk/ljfour/jknappen/ec/dpi600\ectt1200.pk><C:/Users/unger/AppData/Local/Programs/MiKTeX/fonts/type1/google/arimo/Arimo-Bold.pfb><C:/Users/unger/AppData/Local/Programs/MiKTeX/fonts/type1/google/arimo/Arimo-Italic.pfb><C:/Users/unger/AppData/Local/Programs/MiKTeX/fonts/type1/google/arimo/Arimo.pfb><C:/Users/unger/AppData/Local/Programs/MiKTeX/fonts/type1/public/amsfonts/cm/cmmi12.pfb><C:/Users/unger/AppData/Local/Programs/MiKTeX/fonts/type1/public/amsfonts/cm/cmr12.pfb><C:/Users/unger/AppData/Local/Programs/MiKTeX/fonts/type1/public/amsfonts/cm/cmr8.pfb>
Output written on main.pdf (22 pages, 1066423 bytes).
PDF statistics:
 346 PDF objects out of 1000 (max. 8388607)
 57 named destinations out of 1000 (max. 500000)
 279 words of extra memory for PDF output out of 10000 (max. 10000000)

